<?xml version="1.0" encoding="UTF-8"?>
<testsuite xmlns:xsi="http://www.w3.org/2001/XMLSchema-instance" xsi:noNamespaceSchemaLocation="https://maven.apache.org/surefire/maven-surefire-plugin/xsd/surefire-test-report-3.0.xsd" version="3.0" name="datastruct.MyUnsortedListTest" time="7.112" tests="18" errors="0" skipped="0" failures="0">
  <properties>
[...]
</properties>
  <testcase name="testEgaliteAvecListesDifferent" classname="datastruct.MyUnsortedListTest" time="0.045"/>
  <testcase name="testRemoveAUnePositionSpecifique" classname="datastruct.MyUnsortedListTest" time="0.004"/>
  <testcase name="testInsertAUnePositionInvalide" classname="datastruct.MyUnsortedListTest" time="0.003"/>
  <testcase name="testGrandeListe" classname="datastruct.MyUnsortedListTest" time="7.006"/>
  <testcase name="testListeAvecUnSeulElement" classname="datastruct.MyUnsortedListTest" time="0.002"/>
  <testcase name="testToString" classname="datastruct.MyUnsortedListTest" time="0.001"/>
  <testcase name="testInsererAPositionValide" classname="datastruct.MyUnsortedListTest" time="0.002"/>
  <testcase name="testInsererAPositionInvalide" classname="datastruct.MyUnsortedListTest" time="0.001"/>
  <testcase name="testEgaliteAvecListesDeTailleDifferent" classname="datastruct.MyUnsortedListTest" time="0.002"/>
  <testcase name="testRemoveAvecIndiceInvalide" classname="datastruct.MyUnsortedListTest" time="0.001"/>
  <testcase name="testPopSurListeVide" classname="datastruct.MyUnsortedListTest" time="0.002"/>
  <testcase name="testEgaliteAvecListesIdentiques" classname="datastruct.MyUnsortedListTest" time="0.001"/>
  <testcase name="testOrderAppend" classname="datastruct.MyUnsortedListTest" time="0.001"/>
  <testcase name="testPopLastSurListeVide" classname="datastruct.MyUnsortedListTest" time="0.001"/>
  <testcase name="testListeAvecElementsIdentiques" classname="datastruct.MyUnsortedListTest" time="0.001"/>
  <testcase name="testAppendNull" classname="datastruct.MyUnsortedListTest" time="0.001"/>
  <testcase name="testOrderPrepend" classname="datastruct.MyUnsortedListTest" time="0.001"/>
  <testcase name="testPrependEtAppend" classname="datastruct.MyUnsortedListTest" time="0"/>
</testsuite>